<?xml version="1.0" encoding="UTF-8"?>
<robot generator="Robot 6.0.2 (Python 3.11.6 on darwin)" generated="20240223 18:11:49.816" rpa="false" schemaversion="3">
<suite id="s1" name="Cucuumber" source="/Users/gowid/Desktop/cucuumber">
<suite id="s1-s1" name="mobileTest" source="/Users/gowid/Desktop/cucuumber/mobileTest.robot">
<test id="s1-s1-t1" name="승인내역 생성" line="17">
<kw name="Connect To Database" library="DatabaseLibrary">
<arg>dbapiModuleName=pymysql</arg>
<arg>dbName=gowid</arg>
<arg>dbUsername=justinkang</arg>
<arg>dbPassword=qwe123!@#</arg>
<arg>dbHost=34.64.33.60</arg>
<arg>dbCharset=utf8</arg>
<arg>dbPort=3306</arg>
<doc>Loads the DB API 2.0 module given ``dbapiModuleName`` then uses it to
connect to the database using provided parameters such as ``dbName``, ``dbUsername``, and ``dbPassword``.</doc>
<msg timestamp="20240223 18:11:49.962" level="INFO">Connecting using : pymysql.connect(db=gowid, user=justinkang, passwd=***, host=34.64.33.60, port=3306, charset=utf8)</msg>
<status status="PASS" starttime="20240223 18:11:49.944" endtime="20240223 18:11:49.992"/>
</kw>
<kw name="Query" library="DatabaseLibrary">
<var>${cardid}</var>
<arg>select card_id from expense.card where card_number = '510554******1914' and corp_id = '1074'</arg>
<doc>Runs a query with the ``selectStatement`` and returns the result as a list of rows.
The type of row values depends on the database module -
usually they are tuples or tuple-like objects.</doc>
<msg timestamp="20240223 18:11:49.993" level="INFO">Executing : Query  |  select card_id from expense.card where card_number = '510554******1914' and corp_id = '1074' </msg>
<msg timestamp="20240223 18:11:50.006" level="INFO">${cardid} = ((5791,),)</msg>
<status status="PASS" starttime="20240223 18:11:49.993" endtime="20240223 18:11:50.006"/>
</kw>
<kw name="Query" library="DatabaseLibrary">
<var>${userid}</var>
<arg>select card_user_id from expense.card where card_number = '510554******1914' and corp_id = '1074'</arg>
<doc>Runs a query with the ``selectStatement`` and returns the result as a list of rows.
The type of row values depends on the database module -
usually they are tuples or tuple-like objects.</doc>
<msg timestamp="20240223 18:11:50.006" level="INFO">Executing : Query  |  select card_user_id from expense.card where card_number = '510554******1914' and corp_id = '1074' </msg>
<msg timestamp="20240223 18:11:50.019" level="INFO">${userid} = ((9293,),)</msg>
<status status="PASS" starttime="20240223 18:11:50.006" endtime="20240223 18:11:50.019"/>
</kw>
<kw name="Query" library="DatabaseLibrary">
<var>${aprvhid}</var>
<arg>select approval_hist_id from expense.expense order by expense_id desc limit 1</arg>
<doc>Runs a query with the ``selectStatement`` and returns the result as a list of rows.
The type of row values depends on the database module -
usually they are tuples or tuple-like objects.</doc>
<msg timestamp="20240223 18:11:50.019" level="INFO">Executing : Query  |  select approval_hist_id from expense.expense order by expense_id desc limit 1 </msg>
<msg timestamp="20240223 18:11:50.033" level="INFO">${aprvhid} = ((78212,),)</msg>
<status status="PASS" starttime="20240223 18:11:50.019" endtime="20240223 18:11:50.033"/>
</kw>
<kw name="Query" library="DatabaseLibrary">
<var>${expenseid}</var>
<arg>select expense_id from expense.expense order by expense_id desc limit 1</arg>
<doc>Runs a query with the ``selectStatement`` and returns the result as a list of rows.
The type of row values depends on the database module -
usually they are tuples or tuple-like objects.</doc>
<msg timestamp="20240223 18:11:50.033" level="INFO">Executing : Query  |  select expense_id from expense.expense order by expense_id desc limit 1 </msg>
<msg timestamp="20240223 18:11:50.048" level="INFO">${expenseid} = ((917559,),)</msg>
<status status="PASS" starttime="20240223 18:11:50.033" endtime="20240223 18:11:50.048"/>
</kw>
<kw name="Evaluate" library="BuiltIn">
<var>${iaprvhid}</var>
<arg>${aprvhid}[0][0] + 1</arg>
<doc>Evaluates the given expression in Python and returns the result.</doc>
<msg timestamp="20240223 18:11:50.048" level="INFO">${iaprvhid} = 78213</msg>
<status status="PASS" starttime="20240223 18:11:50.048" endtime="20240223 18:11:50.048"/>
</kw>
<kw name="Evaluate" library="BuiltIn">
<var>${iexpenseid}</var>
<arg>${expenseid}[0][0] + 1</arg>
<doc>Evaluates the given expression in Python and returns the result.</doc>
<msg timestamp="20240223 18:11:50.049" level="INFO">${iexpenseid} = 917560</msg>
<status status="PASS" starttime="20240223 18:11:50.049" endtime="20240223 18:11:50.049"/>
</kw>
<kw name="Set Variable" library="BuiltIn">
<var>${icardid}</var>
<arg>${cardid}[0][0]</arg>
<doc>Returns the given values which can then be assigned to a variables.</doc>
<msg timestamp="20240223 18:11:50.049" level="INFO">${icardid} = 5791</msg>
<status status="PASS" starttime="20240223 18:11:50.049" endtime="20240223 18:11:50.049"/>
</kw>
<kw name="Set Variable" library="BuiltIn">
<var>${iuserid}</var>
<arg>${userid}[0][0]</arg>
<doc>Returns the given values which can then be assigned to a variables.</doc>
<msg timestamp="20240223 18:11:50.050" level="INFO">${iuserid} = 9293</msg>
<status status="PASS" starttime="20240223 18:11:50.049" endtime="20240223 18:11:50.050"/>
</kw>
<kw name="Generate Random String" library="String">
<var>${storerandnumb}</var>
<arg>length=4</arg>
<arg>chars=0123456789</arg>
<doc>Generates a string with a desired ``length`` from the given ``chars``.</doc>
<msg timestamp="20240223 18:11:50.050" level="INFO">${storerandnumb} = 2827</msg>
<status status="PASS" starttime="20240223 18:11:50.050" endtime="20240223 18:11:50.051"/>
</kw>
<kw name="Set Variable" library="BuiltIn">
<var>${storename}</var>
<arg>또순이백순대${storerandnumb}</arg>
<doc>Returns the given values which can then be assigned to a variables.</doc>
<msg timestamp="20240223 18:11:50.051" level="INFO">${storename} = 또순이백순대2827</msg>
<status status="PASS" starttime="20240223 18:11:50.051" endtime="20240223 18:11:50.051"/>
</kw>
<kw name="Get Current Date" library="DateTime">
<var>${date}</var>
<arg>result_format=%Y%m%d</arg>
<doc>Returns current local or UTC time with an optional increment.</doc>
<msg timestamp="20240223 18:11:50.051" level="INFO">${date} = 20240223</msg>
<status status="PASS" starttime="20240223 18:11:50.051" endtime="20240223 18:11:50.051"/>
</kw>
<kw name="Generate Random String" library="String">
<var>${iaprvid}</var>
<arg>length=9</arg>
<arg>chars=0123456789</arg>
<doc>Generates a string with a desired ``length`` from the given ``chars``.</doc>
<msg timestamp="20240223 18:11:50.051" level="INFO">${iaprvid} = 139440801</msg>
<status status="PASS" starttime="20240223 18:11:50.051" endtime="20240223 18:11:50.051"/>
</kw>
<kw name="Set Variable" library="BuiltIn">
<var>${sqlquery}</var>
<arg>INSERT INTO expense.expense(expense_id,created_at,updated_at,approval_hist_id,approval_status,card_approval_number,card_number,company_code,currency,expense_date,expense_time,krw_amount,store_address,store_name,use_amount,card_id,corp_id,user_id,vat,card_approval_date,card_approval_time,is_notified,expense_type,origin_type,is_hide,is_deleted) VALUES ('${iexpenseid}',now(),now(),'${iaprvhid}','NOT_SUBMITTED','${iaprvid}',5105545000831914,'0311','KRW','${date}','162025',10000,'경기 안양시 동안구 관평로170번길 43 101호','${storename}',10000,${icardid},1074,${iuserid},'0','${date}','162025',1,1,'CMS',0,0)</arg>
<doc>Returns the given values which can then be assigned to a variables.</doc>
<msg timestamp="20240223 18:11:50.052" level="INFO">${sqlquery} = INSERT INTO expense.expense(expense_id,created_at,updated_at,approval_hist_id,approval_status,card_approval_number,card_number,company_code,currency,expense_date,expense_time,krw_amount,store_address,...</msg>
<status status="PASS" starttime="20240223 18:11:50.051" endtime="20240223 18:11:50.052"/>
</kw>
<kw name="Log" library="BuiltIn">
<arg>${sqlquery}</arg>
<doc>Logs the given message with the given level.</doc>
<msg timestamp="20240223 18:11:50.052" level="INFO">INSERT INTO expense.expense(expense_id,created_at,updated_at,approval_hist_id,approval_status,card_approval_number,card_number,company_code,currency,expense_date,expense_time,krw_amount,store_address,store_name,use_amount,card_id,corp_id,user_id,vat,card_approval_date,card_approval_time,is_notified,expense_type,origin_type,is_hide,is_deleted) VALUES ('917560',now(),now(),'78213','NOT_SUBMITTED','139440801',5105545000831914,'0311','KRW','20240223','162025',10000,'경기 안양시 동안구 관평로170번길 43 101호','또순이백순대2827',10000,5791,1074,9293,'0','20240223','162025',1,1,'CMS',0,0)</msg>
<status status="PASS" starttime="20240223 18:11:50.052" endtime="20240223 18:11:50.052"/>
</kw>
<kw name="Log" library="BuiltIn">
<arg>${storename}</arg>
<doc>Logs the given message with the given level.</doc>
<msg timestamp="20240223 18:11:50.052" level="INFO">또순이백순대2827</msg>
<status status="PASS" starttime="20240223 18:11:50.052" endtime="20240223 18:11:50.052"/>
</kw>
<kw name="Execute Sql String" library="DatabaseLibrary">
<arg>${sqlquery}</arg>
<doc>Executes the ``sqlString`` as a single SQL command.</doc>
<msg timestamp="20240223 18:11:50.053" level="INFO">Executing : Execute SQL String  |  INSERT INTO expense.expense(expense_id,created_at,updated_at,approval_hist_id,approval_status,card_approval_number,card_number,company_code,currency,expense_date,expense_time,krw_amount,store_address,store_name,use_amount,card_id,corp_id,user_id,vat,card_approval_date,card_approval_time,is_notified,expense_type,origin_type,is_hide,is_deleted) VALUES ('917560',now(),now(),'78213','NOT_SUBMITTED','139440801',5105545000831914,'0311','KRW','20240223','162025',10000,'경기 안양시 동안구 관평로170번길 43 101호','또순이백순대2827',10000,5791,1074,9293,'0','20240223','162025',1,1,'CMS',0,0)</msg>
<status status="PASS" starttime="20240223 18:11:50.052" endtime="20240223 18:11:50.078"/>
</kw>
<status status="PASS" starttime="20240223 18:11:49.943" endtime="20240223 18:11:50.078"/>
</test>
<test id="s1-s1-t2" name="영수증 제출 - 일반 사용자 (모바일)" line="43">
<kw name="Open Application" library="AppiumLibrary">
<arg>remote_url=http://localhost:4723/wd/hub</arg>
<arg>platformName=Android</arg>
<arg>platformVersion=13.0.0</arg>
<arg>app=/Users/gowid/Desktop/cucuumber/prd.apk</arg>
<doc>Opens a new application to given Appium server.
Capabilities of appium server, Android and iOS,
Please check https://github.com/appium/appium/blob/master/docs/en/writing-running-appium/server-args.md
| *Option*            | *Man.* | *Description*     |
| remote_url          | Yes    | Appium server url |
| alias               | no     | alias             |
| strict_ssl          | No     | allows you to send commands to an invalid certificate host like a self-signed one. |</doc>
<status status="PASS" starttime="20240223 18:11:50.079" endtime="20240223 18:11:55.337"/>
</kw>
<kw name="Sleep" library="BuiltIn">
<arg>time_=10</arg>
<doc>Pauses the test executed for the given time.</doc>
<msg timestamp="20240223 18:12:05.338" level="INFO">Slept 10 seconds</msg>
<status status="PASS" starttime="20240223 18:11:55.338" endtime="20240223 18:12:05.339"/>
</kw>
<kw name="Input Text" library="AppiumLibrary">
<arg>id=com.gowid.expense:id/edit_email</arg>
<arg>text=auto_normal1@ruu.kr</arg>
<doc>Types the given `text` into text field identified by `locator`.</doc>
<msg timestamp="20240223 18:12:05.341" level="INFO">Typing text 'auto_normal1@ruu.kr' into text field 'id=com.gowid.expense:id/edit_email'</msg>
<kw name="Capture Page Screenshot">
<msg timestamp="20240223 18:12:05.437" level="FAIL">Multiple keywords with name 'Capture Page Screenshot' found. Give the full name of the keyword you want to use:
    AppiumLibrary.Capture Page Screenshot
    SeleniumLibrary.Capture Page Screenshot</msg>
<status status="FAIL" starttime="20240223 18:12:05.437" endtime="20240223 18:12:05.438"/>
</kw>
<msg timestamp="20240223 18:12:05.439" level="WARN">Keyword 'Capture Page Screenshot' could not be run on failure: Multiple keywords with name 'Capture Page Screenshot' found. Give the full name of the keyword you want to use:
    AppiumLibrary.Capture Page Screenshot
    SeleniumLibrary.Capture Page Screenshot</msg>
<msg timestamp="20240223 18:12:05.440" level="INFO">criteria is com.gowid.expense:id/edit_email</msg>
<msg timestamp="20240223 18:12:05.440" level="FAIL">ValueError: Element locator 'id=com.gowid.expense:id/edit_email' did not match any elements.</msg>
<status status="FAIL" starttime="20240223 18:12:05.339" endtime="20240223 18:12:05.442"/>
</kw>
<kw name="Click Element" library="AppiumLibrary">
<arg>id= com.gowid.expense:id/btn_cta</arg>
<doc>Click element identified by `locator`.</doc>
<status status="NOT RUN" starttime="20240223 18:12:05.442" endtime="20240223 18:12:05.443"/>
</kw>
<kw name="Input Text" library="AppiumLibrary">
<arg>id=com.gowid.expense:id/edit_pw</arg>
<arg>text=gowid26181!</arg>
<doc>Types the given `text` into text field identified by `locator`.</doc>
<status status="NOT RUN" starttime="20240223 18:12:05.443" endtime="20240223 18:12:05.443"/>
</kw>
<status status="FAIL" starttime="20240223 18:11:50.078" endtime="20240223 18:12:05.443">ValueError: Element locator 'id=com.gowid.expense:id/edit_email' did not match any elements.</status>
</test>
<doc>Example using the space separated format.</doc>
<status status="FAIL" starttime="20240223 18:11:49.828" endtime="20240223 18:12:05.444"/>
</suite>
<status status="FAIL" starttime="20240223 18:11:49.819" endtime="20240223 18:12:05.445"/>
</suite>
<statistics>
<total>
<stat pass="1" fail="1" skip="0">All Tests</stat>
</total>
<tag>
</tag>
<suite>
<stat pass="1" fail="1" skip="0" id="s1" name="Cucuumber">Cucuumber</stat>
<stat pass="1" fail="1" skip="0" id="s1-s1" name="mobileTest">Cucuumber.mobileTest</stat>
</suite>
</statistics>
<errors>
<msg timestamp="20240223 18:12:05.439" level="WARN">Keyword 'Capture Page Screenshot' could not be run on failure: Multiple keywords with name 'Capture Page Screenshot' found. Give the full name of the keyword you want to use:
    AppiumLibrary.Capture Page Screenshot
    SeleniumLibrary.Capture Page Screenshot</msg>
</errors>
</robot>
